<?xml version="1.0" encoding="UTF-8"?>
<robot generator="Robot 4.0.3 (Python 3.9.1 on darwin)" generated="20210807 23:11:03.695" rpa="false" schemaversion="2">
<suite id="s1" name="Firsttest" source="/Users/lintiencheng/myproject/automation-test/Tests/firsttest.robot">
<test id="s1-t1" name="Go to kkday">
<kw name="open selenium" library="Common" type="SETUP">
<kw name="Set Selenium Speed" library="Selenium2Library">
<arg>0.5 seconds</arg>
<doc>Sets the delay that is waited after each Selenium command.</doc>
<status status="PASS" starttime="20210807 23:11:04.051" endtime="20210807 23:11:04.052"/>
</kw>
<status status="PASS" starttime="20210807 23:11:04.050" endtime="20210807 23:11:04.052"/>
</kw>
<kw name="Open kkday page" library="kkdayPageObject">
<kw name="Open Browser" library="Selenium2Library">
<arg>${kkday_url}</arg>
<arg>chrome</arg>
<doc>Opens a new browser instance to the optional ``url``.</doc>
<msg timestamp="20210807 23:11:04.054" level="INFO">Opening browser 'chrome' to base url 'https://www.kkday.com/zh-tw'.</msg>
<status status="PASS" starttime="20210807 23:11:04.053" endtime="20210807 23:11:12.590"/>
</kw>
<kw name="Maximize Browser Window" library="Selenium2Library">
<doc>Maximizes current browser window.</doc>
<status status="PASS" starttime="20210807 23:11:12.591" endtime="20210807 23:11:13.353"/>
</kw>
<kw name="Wait Until Element Is Visible" library="Selenium2Library">
<arg>${kk_logo}</arg>
<doc>Waits until the element ``locator`` is visible.</doc>
<status status="PASS" starttime="20210807 23:11:13.353" endtime="20210807 23:11:14.382"/>
</kw>
<kw name="Wait Until Element Is Visible" library="Selenium2Library">
<arg>${kk_banner}</arg>
<doc>Waits until the element ``locator`` is visible.</doc>
<status status="PASS" starttime="20210807 23:11:14.382" endtime="20210807 23:11:15.421"/>
</kw>
<status status="PASS" starttime="20210807 23:11:04.052" endtime="20210807 23:11:15.421"/>
</kw>
<kw name="Go to water" library="kkdayPageObject">
<kw name="Click Element" library="Selenium2Library">
<arg>${water_act}</arg>
<doc>Click the element identified by ``locator``.</doc>
<msg timestamp="20210807 23:11:15.423" level="INFO">Clicking element '//*[@class="kkday-section home-section"]/div/div[2]/div/div/div[4]/div'.</msg>
<status status="PASS" starttime="20210807 23:11:15.423" endtime="20210807 23:11:17.801"/>
</kw>
<kw name="Wait Until Element Is Visible" library="Selenium2Library">
<arg>${water_banner}</arg>
<doc>Waits until the element ``locator`` is visible.</doc>
<status status="PASS" starttime="20210807 23:11:17.802" endtime="20210807 23:11:18.829"/>
</kw>
<status status="PASS" starttime="20210807 23:11:15.422" endtime="20210807 23:11:18.829"/>
</kw>
<kw name="Choose active" library="kkdayPageObject">
<kw name="Click Element" library="Selenium2Library">
<arg>//*[@class="theme_hotel_wrap water_activities_wrap"]/div/div/div/div[2]/div[2]/button</arg>
<doc>Click the element identified by ``locator``.</doc>
<msg timestamp="20210807 23:11:18.830" level="INFO">Clicking element '//*[@class="theme_hotel_wrap water_activities_wrap"]/div/div/div/div[2]/div[2]/button'.</msg>
<status status="PASS" starttime="20210807 23:11:18.830" endtime="20210807 23:11:19.887"/>
</kw>
<kw name="Select From List By Value" library="Selenium2Library">
<arg>//*[@class="theme_hotel_wrap water_activities_wrap"]/div/div/div/div[2]/div[2]/div/ul/li</arg>
<arg>SUP</arg>
<doc>Selects options from selection list ``locator`` by ``values``.</doc>
<msg timestamp="20210807 23:11:19.888" level="INFO">Selecting options from selection list '//*[@class="theme_hotel_wrap water_activities_wrap"]/div/div/div/div[2]/div[2]/div/ul/li' by value SUP.</msg>
<kw name="Capture Page Screenshot" library="Selenium2Library">
<doc>Takes a screenshot of the current page and embeds it into a log file.</doc>
<msg timestamp="20210807 23:11:28.243" level="INFO" html="true">&lt;/td&gt;&lt;/tr&gt;&lt;tr&gt;&lt;td colspan="3"&gt;&lt;a href="selenium-screenshot-1.png"&gt;&lt;img src="selenium-screenshot-1.png" width="800px"&gt;&lt;/a&gt;</msg>
<status status="PASS" starttime="20210807 23:11:25.957" endtime="20210807 23:11:28.243"/>
</kw>
<msg timestamp="20210807 23:11:28.250" level="FAIL">List with locator '//*[@class="theme_hotel_wrap water_activities_wrap"]/div/div/div/div[2]/div[2]/div/ul/li' not found.</msg>
<status status="FAIL" starttime="20210807 23:11:19.887" endtime="20210807 23:11:28.250"/>
</kw>
<kw name="Click Element" library="Selenium2Library">
<arg>//*[@class="theme_hotel_wrap water_activities_wrap"]/div/div/div/div[2]/div[2]/div/div/button</arg>
<doc>Click the element identified by ``locator``.</doc>
<status status="NOT RUN" starttime="20210807 23:11:28.250" endtime="20210807 23:11:28.250"/>
</kw>
<status status="FAIL" starttime="20210807 23:11:18.829" endtime="20210807 23:11:28.251"/>
</kw>
<kw name="finish testcase" library="Common" type="TEARDOWN">
<kw name="Close Browser" library="Selenium2Library">
<doc>Closes the current browser.</doc>
<status status="PASS" starttime="20210807 23:11:28.252" endtime="20210807 23:11:28.816"/>
</kw>
<status status="PASS" starttime="20210807 23:11:28.251" endtime="20210807 23:11:28.816"/>
</kw>
<status status="FAIL" starttime="20210807 23:11:04.049" endtime="20210807 23:11:28.817">List with locator '//*[@class="theme_hotel_wrap water_activities_wrap"]/div/div/div/div[2]/div[2]/div/ul/li' not found.</status>
</test>
<status status="FAIL" starttime="20210807 23:11:03.697" endtime="20210807 23:11:28.818"/>
</suite>
<statistics>
<total>
<stat pass="0" fail="1" skip="0">All Tests</stat>
</total>
<tag>
</tag>
<suite>
<stat pass="0" fail="1" skip="0" id="s1" name="Firsttest">Firsttest</stat>
</suite>
</statistics>
<errors>
<msg timestamp="20210807 23:11:04.040" level="ERROR">Error in file '/Users/lintiencheng/myproject/automation-test/Resourse/PageObjects/kkdayPageObject.robot' on line 4: Importing library 'Datetime' failed: ModuleNotFoundError: No module named 'Datetime'
Traceback (most recent call last):
  None
PYTHONPATH:
  /Users/lintiencheng/myproject/automation-test
  /Library/Frameworks/Python.framework/Versions/3.9/lib/python39.zip
  /Library/Frameworks/Python.framework/Versions/3.9/lib/python3.9
  /Library/Frameworks/Python.framework/Versions/3.9/lib/python3.9/lib-dynload
  /Users/lintiencheng/Library/Python/3.9/lib/python/site-packages
  /Library/Frameworks/Python.framework/Versions/3.9/lib/python3.9/site-packages</msg>
<msg timestamp="20210807 23:11:04.046" level="ERROR">Error in file '/Users/lintiencheng/myproject/automation-test/Resourse/PageObjects/myfonePageObjects.robot' on line 4: Importing library 'Datetime' failed: ModuleNotFoundError: No module named 'Datetime'
Traceback (most recent call last):
  None
PYTHONPATH:
  /Users/lintiencheng/myproject/automation-test
  /Library/Frameworks/Python.framework/Versions/3.9/lib/python39.zip
  /Library/Frameworks/Python.framework/Versions/3.9/lib/python3.9
  /Library/Frameworks/Python.framework/Versions/3.9/lib/python3.9/lib-dynload
  /Users/lintiencheng/Library/Python/3.9/lib/python/site-packages
  /Library/Frameworks/Python.framework/Versions/3.9/lib/python3.9/site-packages</msg>
</errors>
</robot>
